{"/home/tercio-parente/catalog-api/src/minimal.ts": {"path":"/home/tercio-parente/catalog-api/src/minimal.ts","statementMap":{"0":{"start":{"line":1,"column":0},"end":{"line":1,"column":30}},"1":{"start":{"line":3,"column":12},"end":{"line":3,"column":21}},"2":{"start":{"line":4,"column":13},"end":{"line":4,"column":17}},"3":{"start":{"line":7,"column":0},"end":{"line":7,"column":24}},"4":{"start":{"line":10,"column":0},"end":{"line":13,"column":3}},"5":{"start":{"line":11,"column":2},"end":{"line":11,"column":46}},"6":{"start":{"line":12,"column":2},"end":{"line":12,"column":69}},"7":{"start":{"line":15,"column":0},"end":{"line":18,"column":3}},"8":{"start":{"line":16,"column":2},"end":{"line":16,"column":65}},"9":{"start":{"line":17,"column":2},"end":{"line":17,"column":66}}},"fnMap":{"0":{"name":"(anonymous_1)","decl":{"start":{"line":10,"column":24},"end":{"line":10,"column":25}},"loc":{"start":{"line":10,"column":37},"end":{"line":13,"column":1}}},"1":{"name":"(anonymous_2)","decl":{"start":{"line":15,"column":17},"end":{"line":15,"column":20}},"loc":{"start":{"line":15,"column":22},"end":{"line":18,"column":1}}}},"branchMap":{},"s":{"0":0,"1":0,"2":0,"3":0,"4":0,"5":0,"6":0,"7":0,"8":0,"9":0},"f":{"0":0,"1":0},"b":{}}
,"/home/tercio-parente/catalog-api/src/products.ts": {"path":"/home/tercio-parente/catalog-api/src/products.ts","statementMap":{"0":{"start":{"line":13,"column":0},"end":{"line":13,"column":16}},"1":{"start":{"line":8,"column":26},"end":{"line":11,"column":2}},"2":{"start":{"line":14,"column":2},"end":{"line":14,"column":18}}},"fnMap":{"0":{"name":"getProducts","decl":{"start":{"line":13,"column":16},"end":{"line":13,"column":27}},"loc":{"start":{"line":13,"column":27},"end":{"line":15,"column":1}}}},"branchMap":{},"s":{"0":0,"1":0,"2":0},"f":{"0":0},"b":{}}
,"/home/tercio-parente/catalog-api/src/config/database.ts": {"path":"/home/tercio-parente/catalog-api/src/config/database.ts","statementMap":{"0":{"start":{"line":1,"column":0},"end":{"line":1,"column":32}},"1":{"start":{"line":2,"column":0},"end":{"line":2,"column":28}},"2":{"start":{"line":4,"column":0},"end":{"line":4,"column":16}},"3":{"start":{"line":7,"column":0},"end":{"line":7,"column":35}},"4":{"start":{"line":9,"column":18},"end":{"line":26,"column":1}},"5":{"start":{"line":10,"column":2},"end":{"line":25,"column":3}},"6":{"start":{"line":11,"column":4},"end":{"line":11,"column":54}},"7":{"start":{"line":12,"column":4},"end":{"line":12,"column":54}},"8":{"start":{"line":14,"column":17},"end":{"line":17,"column":6}},"9":{"start":{"line":19,"column":4},"end":{"line":19,"column":64}},"10":{"start":{"line":20,"column":4},"end":{"line":20,"column":56}},"11":{"start":{"line":22,"column":4},"end":{"line":22,"column":56}},"12":{"start":{"line":23,"column":4},"end":{"line":23,"column":77}},"13":{"start":{"line":24,"column":4},"end":{"line":24,"column":20}},"14":{"start":{"line":29,"column":0},"end":{"line":31,"column":3}},"15":{"start":{"line":30,"column":2},"end":{"line":30,"column":42}},"16":{"start":{"line":33,"column":0},"end":{"line":35,"column":3}},"17":{"start":{"line":34,"column":2},"end":{"line":34,"column":52}},"18":{"start":{"line":37,"column":0},"end":{"line":37,"column":25}}},"fnMap":{"0":{"name":"(anonymous_1)","decl":{"start":{"line":9,"column":18},"end":{"line":9,"column":23}},"loc":{"start":{"line":9,"column":44},"end":{"line":26,"column":1}}},"1":{"name":"(anonymous_2)","decl":{"start":{"line":29,"column":39},"end":{"line":29,"column":42}},"loc":{"start":{"line":29,"column":44},"end":{"line":31,"column":1}}},"2":{"name":"(anonymous_3)","decl":{"start":{"line":33,"column":32},"end":{"line":33,"column":33}},"loc":{"start":{"line":33,"column":40},"end":{"line":35,"column":1}}}},"branchMap":{},"s":{"0":2,"1":2,"2":2,"3":2,"4":2,"5":2,"6":2,"7":2,"8":2,"9":2,"10":2,"11":0,"12":0,"13":0,"14":2,"15":2,"16":2,"17":0,"18":2},"f":{"0":2,"1":2,"2":0},"b":{}}
,"/home/tercio-parente/catalog-api/src/config/swagger.ts": {"path":"/home/tercio-parente/catalog-api/src/config/swagger.ts","statementMap":{"0":{"start":{"line":1,"column":0},"end":{"line":1,"column":41}},"1":{"start":{"line":2,"column":0},"end":{"line":2,"column":43}},"2":{"start":{"line":5,"column":38},"end":{"line":39,"column":2}},"3":{"start":{"line":41,"column":20},"end":{"line":41,"column":41}},"4":{"start":{"line":43,"column":28},"end":{"line":46,"column":1}},"5":{"start":{"line":44,"column":2},"end":{"line":44,"column":70}},"6":{"start":{"line":45,"column":2},"end":{"line":45,"column":77}},"7":{"start":{"line":43,"column":13},"end":{"line":43,"column":28}}},"fnMap":{"0":{"name":"(anonymous_1)","decl":{"start":{"line":43,"column":28},"end":{"line":43,"column":29}},"loc":{"start":{"line":43,"column":51},"end":{"line":46,"column":1}}}},"branchMap":{},"s":{"0":2,"1":2,"2":2,"3":2,"4":2,"5":2,"6":2,"7":2},"f":{"0":2},"b":{}}
,"/home/tercio-parente/catalog-api/src/controllers/authController.ts": {"path":"/home/tercio-parente/catalog-api/src/controllers/authController.ts","statementMap":{"0":{"start":{"line":2,"column":0},"end":{"line":2,"column":31}},"1":{"start":{"line":3,"column":0},"end":{"line":3,"column":34}},"2":{"start":{"line":5,"column":19},"end":{"line":5,"column":62}},"3":{"start":{"line":6,"column":23},"end":{"line":6,"column":58}},"4":{"start":{"line":18,"column":22},"end":{"line":20,"column":1}},"5":{"start":{"line":19,"column":2},"end":{"line":19,"column":92}},"6":{"start":{"line":23,"column":24},"end":{"line":64,"column":1}},"7":{"start":{"line":24,"column":2},"end":{"line":63,"column":3}},"8":{"start":{"line":25,"column":38},"end":{"line":25,"column":46}},"9":{"start":{"line":28,"column":25},"end":{"line":28,"column":54}},"10":{"start":{"line":29,"column":4},"end":{"line":35,"column":5}},"11":{"start":{"line":30,"column":6},"end":{"line":33,"column":9}},"12":{"start":{"line":34,"column":6},"end":{"line":34,"column":13}},"13":{"start":{"line":38,"column":17},"end":{"line":38,"column":52}},"14":{"start":{"line":39,"column":4},"end":{"line":39,"column":22}},"15":{"start":{"line":42,"column":18},"end":{"line":42,"column":52}},"16":{"start":{"line":44,"column":4},"end":{"line":56,"column":7}},"17":{"start":{"line":58,"column":4},"end":{"line":62,"column":7}},"18":{"start":{"line":23,"column":13},"end":{"line":23,"column":24}},"19":{"start":{"line":67,"column":21},"end":{"line":114,"column":1}},"20":{"start":{"line":68,"column":2},"end":{"line":113,"column":3}},"21":{"start":{"line":69,"column":32},"end":{"line":69,"column":40}},"22":{"start":{"line":72,"column":17},"end":{"line":72,"column":46}},"23":{"start":{"line":73,"column":4},"end":{"line":79,"column":5}},"24":{"start":{"line":74,"column":6},"end":{"line":77,"column":9}},"25":{"start":{"line":78,"column":6},"end":{"line":78,"column":13}},"26":{"start":{"line":82,"column":28},"end":{"line":82,"column":64}},"27":{"start":{"line":83,"column":4},"end":{"line":89,"column":5}},"28":{"start":{"line":84,"column":6},"end":{"line":87,"column":9}},"29":{"start":{"line":88,"column":6},"end":{"line":88,"column":13}},"30":{"start":{"line":92,"column":18},"end":{"line":92,"column":52}},"31":{"start":{"line":94,"column":4},"end":{"line":106,"column":7}},"32":{"start":{"line":108,"column":4},"end":{"line":112,"column":7}},"33":{"start":{"line":67,"column":13},"end":{"line":67,"column":21}},"34":{"start":{"line":117,"column":21},"end":{"line":140,"column":1}},"35":{"start":{"line":118,"column":2},"end":{"line":139,"column":3}},"36":{"start":{"line":119,"column":17},"end":{"line":119,"column":68}},"37":{"start":{"line":121,"column":4},"end":{"line":127,"column":5}},"38":{"start":{"line":122,"column":6},"end":{"line":125,"column":9}},"39":{"start":{"line":126,"column":6},"end":{"line":126,"column":13}},"40":{"start":{"line":129,"column":4},"end":{"line":132,"column":7}},"41":{"start":{"line":134,"column":4},"end":{"line":138,"column":7}},"42":{"start":{"line":117,"column":13},"end":{"line":117,"column":21}}},"fnMap":{"0":{"name":"(anonymous_1)","decl":{"start":{"line":18,"column":22},"end":{"line":18,"column":23}},"loc":{"start":{"line":18,"column":49},"end":{"line":20,"column":1}}},"1":{"name":"(anonymous_2)","decl":{"start":{"line":23,"column":24},"end":{"line":23,"column":29}},"loc":{"start":{"line":23,"column":77},"end":{"line":64,"column":1}}},"2":{"name":"(anonymous_3)","decl":{"start":{"line":67,"column":21},"end":{"line":67,"column":26}},"loc":{"start":{"line":67,"column":74},"end":{"line":114,"column":1}}},"3":{"name":"(anonymous_4)","decl":{"start":{"line":117,"column":21},"end":{"line":117,"column":26}},"loc":{"start":{"line":117,"column":74},"end":{"line":140,"column":1}}}},"branchMap":{"0":{"loc":{"start":{"line":5,"column":19},"end":{"line":5,"column":62}},"type":"binary-expr","locations":[{"start":{"line":5,"column":19},"end":{"line":5,"column":41}},{"start":{"line":5,"column":45},"end":{"line":5,"column":62}}]},"1":{"loc":{"start":{"line":6,"column":23},"end":{"line":6,"column":58}},"type":"binary-expr","locations":[{"start":{"line":6,"column":23},"end":{"line":6,"column":49}},{"start":{"line":6,"column":53},"end":{"line":6,"column":58}}]},"2":{"loc":{"start":{"line":29,"column":4},"end":{"line":35,"column":5}},"type":"if","locations":[{"start":{"line":29,"column":4},"end":{"line":35,"column":5}},{"start":{},"end":{}}]},"3":{"loc":{"start":{"line":61,"column":13},"end":{"line":61,"column":73}},"type":"cond-expr","locations":[{"start":{"line":61,"column":38},"end":{"line":61,"column":51}},{"start":{"line":61,"column":54},"end":{"line":61,"column":73}}]},"4":{"loc":{"start":{"line":73,"column":4},"end":{"line":79,"column":5}},"type":"if","locations":[{"start":{"line":73,"column":4},"end":{"line":79,"column":5}},{"start":{},"end":{}}]},"5":{"loc":{"start":{"line":83,"column":4},"end":{"line":89,"column":5}},"type":"if","locations":[{"start":{"line":83,"column":4},"end":{"line":89,"column":5}},{"start":{},"end":{}}]},"6":{"loc":{"start":{"line":111,"column":13},"end":{"line":111,"column":73}},"type":"cond-expr","locations":[{"start":{"line":111,"column":38},"end":{"line":111,"column":51}},{"start":{"line":111,"column":54},"end":{"line":111,"column":73}}]},"7":{"loc":{"start":{"line":121,"column":4},"end":{"line":127,"column":5}},"type":"if","locations":[{"start":{"line":121,"column":4},"end":{"line":127,"column":5}},{"start":{},"end":{}}]},"8":{"loc":{"start":{"line":137,"column":13},"end":{"line":137,"column":73}},"type":"cond-expr","locations":[{"start":{"line":137,"column":38},"end":{"line":137,"column":51}},{"start":{"line":137,"column":54},"end":{"line":137,"column":73}}]}},"s":{"0":2,"1":2,"2":2,"3":2,"4":2,"5":7,"6":2,"7":6,"8":6,"9":6,"10":6,"11":1,"12":1,"13":5,"14":5,"15":5,"16":5,"17":0,"18":2,"19":2,"20":3,"21":3,"22":3,"23":3,"24":0,"25":0,"26":3,"27":3,"28":1,"29":1,"30":2,"31":2,"32":0,"33":2,"34":2,"35":0,"36":0,"37":0,"38":0,"39":0,"40":0,"41":0,"42":2},"f":{"0":7,"1":6,"2":3,"3":0},"b":{"0":[2,0],"1":[2,0],"2":[1,5],"3":[0,0],"4":[0,3],"5":[1,2],"6":[0,0],"7":[0,0],"8":[0,0]}}
,"/home/tercio-parente/catalog-api/src/controllers/productController.ts": {"path":"/home/tercio-parente/catalog-api/src/controllers/productController.ts","statementMap":{"0":{"start":{"line":2,"column":0},"end":{"line":2,"column":40}},"1":{"start":{"line":3,"column":0},"end":{"line":3,"column":32}},"2":{"start":{"line":5,"column":0},"end":{"line":5,"column":45}},"3":{"start":{"line":8,"column":29},"end":{"line":36,"column":1}},"4":{"start":{"line":9,"column":2},"end":{"line":35,"column":3}},"5":{"start":{"line":10,"column":63},"end":{"line":10,"column":71}},"6":{"start":{"line":12,"column":20},"end":{"line":19,"column":6}},"7":{"start":{"line":21,"column":4},"end":{"line":21,"column":25}},"8":{"start":{"line":23,"column":4},"end":{"line":27,"column":7}},"9":{"start":{"line":29,"column":4},"end":{"line":29,"column":61}},"10":{"start":{"line":30,"column":4},"end":{"line":34,"column":7}},"11":{"start":{"line":8,"column":13},"end":{"line":8,"column":29}},"12":{"start":{"line":39,"column":27},"end":{"line":82,"column":1}},"13":{"start":{"line":40,"column":2},"end":{"line":81,"column":3}},"14":{"start":{"line":41,"column":75},"end":{"line":41,"column":84}},"15":{"start":{"line":42,"column":24},"end":{"line":42,"column":26}},"16":{"start":{"line":44,"column":4},"end":{"line":44,"column":45}},"17":{"start":{"line":44,"column":18},"end":{"line":44,"column":45}},"18":{"start":{"line":45,"column":4},"end":{"line":49,"column":5}},"19":{"start":{"line":46,"column":6},"end":{"line":46,"column":24}},"20":{"start":{"line":47,"column":6},"end":{"line":47,"column":57}},"21":{"start":{"line":47,"column":20},"end":{"line":47,"column":57}},"22":{"start":{"line":48,"column":6},"end":{"line":48,"column":57}},"23":{"start":{"line":48,"column":20},"end":{"line":48,"column":57}},"24":{"start":{"line":50,"column":4},"end":{"line":55,"column":5}},"25":{"start":{"line":51,"column":6},"end":{"line":54,"column":8}},"26":{"start":{"line":57,"column":17},"end":{"line":57,"column":51}},"27":{"start":{"line":58,"column":21},"end":{"line":60,"column":27}},"28":{"start":{"line":62,"column":18},"end":{"line":62,"column":54}},"29":{"start":{"line":64,"column":4},"end":{"line":73,"column":7}},"30":{"start":{"line":75,"column":4},"end":{"line":75,"column":59}},"31":{"start":{"line":76,"column":4},"end":{"line":80,"column":7}},"32":{"start":{"line":39,"column":13},"end":{"line":39,"column":27}},"33":{"start":{"line":85,"column":30},"end":{"line":120,"column":1}},"34":{"start":{"line":86,"column":2},"end":{"line":119,"column":3}},"35":{"start":{"line":87,"column":4},"end":{"line":87,"column":65}},"36":{"start":{"line":90,"column":4},"end":{"line":96,"column":5}},"37":{"start":{"line":91,"column":6},"end":{"line":94,"column":9}},"38":{"start":{"line":95,"column":6},"end":{"line":95,"column":13}},"39":{"start":{"line":98,"column":20},"end":{"line":98,"column":57}},"40":{"start":{"line":100,"column":4},"end":{"line":106,"column":5}},"41":{"start":{"line":101,"column":6},"end":{"line":104,"column":9}},"42":{"start":{"line":105,"column":6},"end":{"line":105,"column":13}},"43":{"start":{"line":108,"column":4},"end":{"line":111,"column":7}},"44":{"start":{"line":113,"column":4},"end":{"line":113,"column":62}},"45":{"start":{"line":114,"column":4},"end":{"line":118,"column":7}},"46":{"start":{"line":85,"column":13},"end":{"line":85,"column":30}},"47":{"start":{"line":123,"column":29},"end":{"line":161,"column":1}},"48":{"start":{"line":124,"column":2},"end":{"line":160,"column":3}},"49":{"start":{"line":126,"column":4},"end":{"line":132,"column":5}},"50":{"start":{"line":127,"column":6},"end":{"line":130,"column":9}},"51":{"start":{"line":131,"column":6},"end":{"line":131,"column":13}},"52":{"start":{"line":134,"column":20},"end":{"line":137,"column":null}},"53":{"start":{"line":140,"column":4},"end":{"line":146,"column":5}},"54":{"start":{"line":141,"column":6},"end":{"line":144,"column":9}},"55":{"start":{"line":145,"column":6},"end":{"line":145,"column":13}},"56":{"start":{"line":148,"column":4},"end":{"line":152,"column":7}},"57":{"start":{"line":154,"column":4},"end":{"line":154,"column":61}},"58":{"start":{"line":155,"column":4},"end":{"line":159,"column":7}},"59":{"start":{"line":123,"column":13},"end":{"line":123,"column":29}},"60":{"start":{"line":164,"column":29},"end":{"line":198,"column":1}},"61":{"start":{"line":165,"column":2},"end":{"line":197,"column":3}},"62":{"start":{"line":167,"column":4},"end":{"line":173,"column":5}},"63":{"start":{"line":168,"column":6},"end":{"line":171,"column":9}},"64":{"start":{"line":172,"column":6},"end":{"line":172,"column":13}},"65":{"start":{"line":175,"column":20},"end":{"line":175,"column":66}},"66":{"start":{"line":177,"column":4},"end":{"line":183,"column":5}},"67":{"start":{"line":178,"column":6},"end":{"line":181,"column":9}},"68":{"start":{"line":182,"column":6},"end":{"line":182,"column":13}},"69":{"start":{"line":185,"column":4},"end":{"line":189,"column":7}},"70":{"start":{"line":191,"column":4},"end":{"line":191,"column":61}},"71":{"start":{"line":192,"column":4},"end":{"line":196,"column":7}},"72":{"start":{"line":164,"column":13},"end":{"line":164,"column":29}}},"fnMap":{"0":{"name":"(anonymous_1)","decl":{"start":{"line":8,"column":29},"end":{"line":8,"column":34}},"loc":{"start":{"line":8,"column":82},"end":{"line":36,"column":1}}},"1":{"name":"(anonymous_2)","decl":{"start":{"line":39,"column":27},"end":{"line":39,"column":32}},"loc":{"start":{"line":39,"column":80},"end":{"line":82,"column":1}}},"2":{"name":"(anonymous_3)","decl":{"start":{"line":85,"column":30},"end":{"line":85,"column":35}},"loc":{"start":{"line":85,"column":83},"end":{"line":120,"column":1}}},"3":{"name":"(anonymous_4)","decl":{"start":{"line":123,"column":29},"end":{"line":123,"column":34}},"loc":{"start":{"line":123,"column":82},"end":{"line":161,"column":1}}},"4":{"name":"(anonymous_5)","decl":{"start":{"line":164,"column":29},"end":{"line":164,"column":34}},"loc":{"start":{"line":164,"column":82},"end":{"line":198,"column":1}}}},"branchMap":{"0":{"loc":{"start":{"line":41,"column":50},"end":{"line":41,"column":58}},"type":"default-arg","locations":[{"start":{"line":41,"column":57},"end":{"line":41,"column":58}}]},"1":{"loc":{"start":{"line":41,"column":60},"end":{"line":41,"column":70}},"type":"default-arg","locations":[{"start":{"line":41,"column":68},"end":{"line":41,"column":70}}]},"2":{"loc":{"start":{"line":44,"column":4},"end":{"line":44,"column":45}},"type":"if","locations":[{"start":{"line":44,"column":4},"end":{"line":44,"column":45}},{"start":{},"end":{}}]},"3":{"loc":{"start":{"line":45,"column":4},"end":{"line":49,"column":5}},"type":"if","locations":[{"start":{"line":45,"column":4},"end":{"line":49,"column":5}},{"start":{},"end":{}}]},"4":{"loc":{"start":{"line":45,"column":8},"end":{"line":45,"column":28}},"type":"binary-expr","locations":[{"start":{"line":45,"column":8},"end":{"line":45,"column":16}},{"start":{"line":45,"column":20},"end":{"line":45,"column":28}}]},"5":{"loc":{"start":{"line":47,"column":6},"end":{"line":47,"column":57}},"type":"if","locations":[{"start":{"line":47,"column":6},"end":{"line":47,"column":57}},{"start":{},"end":{}}]},"6":{"loc":{"start":{"line":48,"column":6},"end":{"line":48,"column":57}},"type":"if","locations":[{"start":{"line":48,"column":6},"end":{"line":48,"column":57}},{"start":{},"end":{}}]},"7":{"loc":{"start":{"line":50,"column":4},"end":{"line":55,"column":5}},"type":"if","locations":[{"start":{"line":50,"column":4},"end":{"line":55,"column":5}},{"start":{},"end":{}}]},"8":{"loc":{"start":{"line":90,"column":4},"end":{"line":96,"column":5}},"type":"if","locations":[{"start":{"line":90,"column":4},"end":{"line":96,"column":5}},{"start":{},"end":{}}]},"9":{"loc":{"start":{"line":100,"column":4},"end":{"line":106,"column":5}},"type":"if","locations":[{"start":{"line":100,"column":4},"end":{"line":106,"column":5}},{"start":{},"end":{}}]},"10":{"loc":{"start":{"line":126,"column":4},"end":{"line":132,"column":5}},"type":"if","locations":[{"start":{"line":126,"column":4},"end":{"line":132,"column":5}},{"start":{},"end":{}}]},"11":{"loc":{"start":{"line":140,"column":4},"end":{"line":146,"column":5}},"type":"if","locations":[{"start":{"line":140,"column":4},"end":{"line":146,"column":5}},{"start":{},"end":{}}]},"12":{"loc":{"start":{"line":167,"column":4},"end":{"line":173,"column":5}},"type":"if","locations":[{"start":{"line":167,"column":4},"end":{"line":173,"column":5}},{"start":{},"end":{}}]},"13":{"loc":{"start":{"line":177,"column":4},"end":{"line":183,"column":5}},"type":"if","locations":[{"start":{"line":177,"column":4},"end":{"line":183,"column":5}},{"start":{},"end":{}}]}},"s":{"0":2,"1":2,"2":2,"3":2,"4":6,"5":6,"6":6,"7":6,"8":6,"9":0,"10":0,"11":2,"12":2,"13":3,"14":3,"15":3,"16":3,"17":1,"18":3,"19":1,"20":1,"21":1,"22":1,"23":1,"24":3,"25":0,"26":3,"27":3,"28":3,"29":3,"30":0,"31":0,"32":2,"33":2,"34":2,"35":2,"36":2,"37":1,"38":1,"39":1,"40":1,"41":0,"42":0,"43":1,"44":0,"45":0,"46":2,"47":2,"48":1,"49":1,"50":0,"51":0,"52":1,"53":1,"54":0,"55":0,"56":1,"57":0,"58":0,"59":2,"60":2,"61":1,"62":1,"63":0,"64":0,"65":1,"66":1,"67":0,"68":0,"69":1,"70":0,"71":0,"72":2},"f":{"0":6,"1":3,"2":2,"3":1,"4":1},"b":{"0":[3],"1":[3],"2":[1,2],"3":[1,2],"4":[3,2],"5":[1,0],"6":[1,0],"7":[0,3],"8":[1,1],"9":[0,1],"10":[0,1],"11":[0,1],"12":[0,1],"13":[0,1]}}
,"/home/tercio-parente/catalog-api/src/middleware/auth.ts": {"path":"/home/tercio-parente/catalog-api/src/middleware/auth.ts","statementMap":{"0":{"start":{"line":2,"column":0},"end":{"line":2,"column":31}},"1":{"start":{"line":4,"column":19},"end":{"line":4,"column":62}},"2":{"start":{"line":15,"column":28},"end":{"line":36,"column":1}},"3":{"start":{"line":16,"column":2},"end":{"line":35,"column":3}},"4":{"start":{"line":17,"column":18},"end":{"line":17,"column":69}},"5":{"start":{"line":19,"column":4},"end":{"line":25,"column":5}},"6":{"start":{"line":20,"column":6},"end":{"line":23,"column":9}},"7":{"start":{"line":24,"column":6},"end":{"line":24,"column":13}},"8":{"start":{"line":27,"column":20},"end":{"line":27,"column":71}},"9":{"start":{"line":28,"column":4},"end":{"line":28,"column":32}},"10":{"start":{"line":29,"column":4},"end":{"line":29,"column":11}},"11":{"start":{"line":31,"column":4},"end":{"line":34,"column":7}},"12":{"start":{"line":15,"column":13},"end":{"line":15,"column":28}}},"fnMap":{"0":{"name":"(anonymous_1)","decl":{"start":{"line":15,"column":28},"end":{"line":15,"column":29}},"loc":{"start":{"line":15,"column":86},"end":{"line":36,"column":1}}}},"branchMap":{"0":{"loc":{"start":{"line":4,"column":19},"end":{"line":4,"column":62}},"type":"binary-expr","locations":[{"start":{"line":4,"column":19},"end":{"line":4,"column":41}},{"start":{"line":4,"column":45},"end":{"line":4,"column":62}}]},"1":{"loc":{"start":{"line":19,"column":4},"end":{"line":25,"column":5}},"type":"if","locations":[{"start":{"line":19,"column":4},"end":{"line":25,"column":5}},{"start":{},"end":{}}]}},"s":{"0":2,"1":2,"2":2,"3":11,"4":11,"5":11,"6":3,"7":3,"8":8,"9":8,"10":8,"11":0,"12":2},"f":{"0":11},"b":{"0":[2,0],"1":[3,8]}}
,"/home/tercio-parente/catalog-api/src/models/Product.ts": {"path":"/home/tercio-parente/catalog-api/src/models/Product.ts","statementMap":{"0":{"start":{"line":1,"column":0},"end":{"line":1,"column":54}},"1":{"start":{"line":15,"column":30},"end":{"line":56,"column":2}},"2":{"start":{"line":59,"column":0},"end":{"line":59,"column":37}},"3":{"start":{"line":60,"column":0},"end":{"line":60,"column":34}},"4":{"start":{"line":61,"column":0},"end":{"line":61,"column":35}},"5":{"start":{"line":63,"column":0},"end":{"line":63,"column":66}}},"fnMap":{},"branchMap":{},"s":{"0":2,"1":2,"2":2,"3":2,"4":2,"5":2},"f":{},"b":{}}
,"/home/tercio-parente/catalog-api/src/models/User.ts": {"path":"/home/tercio-parente/catalog-api/src/models/User.ts","statementMap":{"0":{"start":{"line":1,"column":0},"end":{"line":1,"column":54}},"1":{"start":{"line":2,"column":0},"end":{"line":2,"column":30}},"2":{"start":{"line":14,"column":27},"end":{"line":39,"column":2}},"3":{"start":{"line":42,"column":0},"end":{"line":52,"column":3}},"4":{"start":{"line":43,"column":2},"end":{"line":43,"column":50}},"5":{"start":{"line":43,"column":36},"end":{"line":43,"column":50}},"6":{"start":{"line":45,"column":2},"end":{"line":51,"column":3}},"7":{"start":{"line":46,"column":17},"end":{"line":46,"column":41}},"8":{"start":{"line":47,"column":4},"end":{"line":47,"column":59}},"9":{"start":{"line":48,"column":4},"end":{"line":48,"column":11}},"10":{"start":{"line":50,"column":4},"end":{"line":50,"column":16}},"11":{"start":{"line":55,"column":0},"end":{"line":57,"column":2}},"12":{"start":{"line":56,"column":2},"end":{"line":56,"column":58}},"13":{"start":{"line":59,"column":0},"end":{"line":59,"column":57}}},"fnMap":{"0":{"name":"(anonymous_10)","decl":{"start":{"line":42,"column":23},"end":{"line":42,"column":28}},"loc":{"start":{"line":42,"column":42},"end":{"line":52,"column":1}}},"1":{"name":"(anonymous_11)","decl":{"start":{"line":55,"column":37},"end":{"line":55,"column":42}},"loc":{"start":{"line":55,"column":77},"end":{"line":57,"column":1}}}},"branchMap":{"0":{"loc":{"start":{"line":43,"column":2},"end":{"line":43,"column":50}},"type":"if","locations":[{"start":{"line":43,"column":2},"end":{"line":43,"column":50}},{"start":{},"end":{}}]}},"s":{"0":2,"1":2,"2":2,"3":2,"4":5,"5":0,"6":5,"7":5,"8":5,"9":5,"10":0,"11":2,"12":3,"13":2},"f":{"0":5,"1":3},"b":{"0":[0,5]}}
,"/home/tercio-parente/catalog-api/src/routes/authRoutes.ts": {"path":"/home/tercio-parente/catalog-api/src/routes/authRoutes.ts","statementMap":{"0":{"start":{"line":1,"column":0},"end":{"line":1,"column":33}},"1":{"start":{"line":2,"column":0},"end":{"line":2,"column":71}},"2":{"start":{"line":3,"column":0},"end":{"line":3,"column":50}},"3":{"start":{"line":5,"column":15},"end":{"line":5,"column":23}},"4":{"start":{"line":39,"column":0},"end":{"line":39,"column":35}},"5":{"start":{"line":69,"column":0},"end":{"line":69,"column":29}},"6":{"start":{"line":87,"column":0},"end":{"line":87,"column":39}},"7":{"start":{"line":89,"column":0},"end":{"line":89,"column":22}}},"fnMap":{},"branchMap":{},"s":{"0":2,"1":2,"2":2,"3":2,"4":2,"5":2,"6":2,"7":2},"f":{},"b":{}}
,"/home/tercio-parente/catalog-api/src/routes/productRoutes.ts": {"path":"/home/tercio-parente/catalog-api/src/routes/productRoutes.ts","statementMap":{"0":{"start":{"line":1,"column":0},"end":{"line":1,"column":33}},"1":{"start":{"line":2,"column":0},"end":{"line":2,"column":null}},"2":{"start":{"line":9,"column":0},"end":{"line":9,"column":50}},"3":{"start":{"line":11,"column":15},"end":{"line":11,"column":23}},"4":{"start":{"line":46,"column":0},"end":{"line":46,"column":29}},"5":{"start":{"line":69,"column":0},"end":{"line":69,"column":35}},"6":{"start":{"line":116,"column":0},"end":{"line":116,"column":46}},"7":{"start":{"line":160,"column":0},"end":{"line":160,"column":48}},"8":{"start":{"line":187,"column":0},"end":{"line":187,"column":51}},"9":{"start":{"line":189,"column":0},"end":{"line":189,"column":22}}},"fnMap":{},"branchMap":{},"s":{"0":2,"1":2,"2":2,"3":2,"4":2,"5":2,"6":2,"7":2,"8":2,"9":2},"f":{},"b":{}}
}
