TN:
SF:src/minimal.ts
FN:10,(anonymous_1)
FN:15,(anonymous_2)
FNF:2
FNH:0
FNDA:0,(anonymous_1)
FNDA:0,(anonymous_2)
DA:1,0
DA:3,0
DA:4,0
DA:7,0
DA:10,0
DA:11,0
DA:12,0
DA:15,0
DA:16,0
DA:17,0
LF:10
LH:0
BRF:0
BRH:0
end_of_record
TN:
SF:src/products.ts
FN:13,getProducts
FNF:1
FNH:0
FNDA:0,getProducts
DA:8,0
DA:13,0
DA:14,0
LF:3
LH:0
BRF:0
BRH:0
end_of_record
TN:
SF:src/config/database.ts
FN:9,(anonymous_1)
FN:29,(anonymous_2)
FN:33,(anonymous_3)
FNF:3
FNH:2
FNDA:2,(anonymous_1)
FNDA:2,(anonymous_2)
FNDA:0,(anonymous_3)
DA:1,2
DA:2,2
DA:4,2
DA:7,2
DA:9,2
DA:10,2
DA:11,2
DA:12,2
DA:14,2
DA:19,2
DA:20,2
DA:22,0
DA:23,0
DA:24,0
DA:29,2
DA:30,2
DA:33,2
DA:34,0
DA:37,2
LF:19
LH:15
BRF:0
BRH:0
end_of_record
TN:
SF:src/config/swagger.ts
FN:43,(anonymous_1)
FNF:1
FNH:1
FNDA:2,(anonymous_1)
DA:1,2
DA:2,2
DA:5,2
DA:41,2
DA:43,2
DA:44,2
DA:45,2
LF:7
LH:7
BRF:0
BRH:0
end_of_record
TN:
SF:src/controllers/authController.ts
FN:18,(anonymous_1)
FN:23,(anonymous_2)
FN:67,(anonymous_3)
FN:117,(anonymous_4)
FNF:4
FNH:3
FNDA:7,(anonymous_1)
FNDA:6,(anonymous_2)
FNDA:3,(anonymous_3)
FNDA:0,(anonymous_4)
DA:2,2
DA:3,2
DA:5,2
DA:6,2
DA:18,2
DA:19,7
DA:23,2
DA:24,6
DA:25,6
DA:28,6
DA:29,6
DA:30,1
DA:34,1
DA:38,5
DA:39,5
DA:42,5
DA:44,5
DA:58,0
DA:67,2
DA:68,3
DA:69,3
DA:72,3
DA:73,3
DA:74,0
DA:78,0
DA:82,3
DA:83,3
DA:84,1
DA:88,1
DA:92,2
DA:94,2
DA:108,0
DA:117,2
DA:118,0
DA:119,0
DA:121,0
DA:122,0
DA:126,0
DA:129,0
DA:134,0
LF:40
LH:29
BRDA:5,0,0,2
BRDA:5,0,1,0
BRDA:6,1,0,2
BRDA:6,1,1,0
BRDA:29,2,0,1
BRDA:29,2,1,5
BRDA:61,3,0,0
BRDA:61,3,1,0
BRDA:73,4,0,0
BRDA:73,4,1,3
BRDA:83,5,0,1
BRDA:83,5,1,2
BRDA:111,6,0,0
BRDA:111,6,1,0
BRDA:121,7,0,0
BRDA:121,7,1,0
BRDA:137,8,0,0
BRDA:137,8,1,0
BRF:18
BRH:7
end_of_record
TN:
SF:src/controllers/productController.ts
FN:8,(anonymous_1)
FN:39,(anonymous_2)
FN:85,(anonymous_3)
FN:123,(anonymous_4)
FN:164,(anonymous_5)
FNF:5
FNH:5
FNDA:6,(anonymous_1)
FNDA:3,(anonymous_2)
FNDA:2,(anonymous_3)
FNDA:1,(anonymous_4)
FNDA:1,(anonymous_5)
DA:2,2
DA:3,2
DA:5,2
DA:8,2
DA:9,6
DA:10,6
DA:12,6
DA:21,6
DA:23,6
DA:29,0
DA:30,0
DA:39,2
DA:40,3
DA:41,3
DA:42,3
DA:44,3
DA:45,3
DA:46,1
DA:47,1
DA:48,1
DA:50,3
DA:51,0
DA:57,3
DA:58,3
DA:62,3
DA:64,3
DA:75,0
DA:76,0
DA:85,2
DA:86,2
DA:87,2
DA:90,2
DA:91,1
DA:95,1
DA:98,1
DA:100,1
DA:101,0
DA:105,0
DA:108,1
DA:113,0
DA:114,0
DA:123,2
DA:124,1
DA:126,1
DA:127,0
DA:131,0
DA:134,1
DA:140,1
DA:141,0
DA:145,0
DA:148,1
DA:154,0
DA:155,0
DA:164,2
DA:165,1
DA:167,1
DA:168,0
DA:172,0
DA:175,1
DA:177,1
DA:178,0
DA:182,0
DA:185,1
DA:191,0
DA:192,0
LF:65
LH:44
BRDA:41,0,0,3
BRDA:41,1,0,3
BRDA:44,2,0,1
BRDA:44,2,1,2
BRDA:45,3,0,1
BRDA:45,3,1,2
BRDA:45,4,0,3
BRDA:45,4,1,2
BRDA:47,5,0,1
BRDA:47,5,1,0
BRDA:48,6,0,1
BRDA:48,6,1,0
BRDA:50,7,0,0
BRDA:50,7,1,3
BRDA:90,8,0,1
BRDA:90,8,1,1
BRDA:100,9,0,0
BRDA:100,9,1,1
BRDA:126,10,0,0
BRDA:126,10,1,1
BRDA:140,11,0,0
BRDA:140,11,1,1
BRDA:167,12,0,0
BRDA:167,12,1,1
BRDA:177,13,0,0
BRDA:177,13,1,1
BRF:26
BRH:18
end_of_record
TN:
SF:src/middleware/auth.ts
FN:15,(anonymous_1)
FNF:1
FNH:1
FNDA:11,(anonymous_1)
DA:2,2
DA:4,2
DA:15,2
DA:16,11
DA:17,11
DA:19,11
DA:20,3
DA:24,3
DA:27,8
DA:28,8
DA:29,8
DA:31,0
LF:12
LH:11
BRDA:4,0,0,2
BRDA:4,0,1,0
BRDA:19,1,0,3
BRDA:19,1,1,8
BRF:4
BRH:3
end_of_record
TN:
SF:src/models/Product.ts
FNF:0
FNH:0
DA:1,2
DA:15,2
DA:59,2
DA:60,2
DA:61,2
DA:63,2
LF:6
LH:6
BRF:0
BRH:0
end_of_record
TN:
SF:src/models/User.ts
FN:42,(anonymous_10)
FN:55,(anonymous_11)
FNF:2
FNH:2
FNDA:5,(anonymous_10)
FNDA:3,(anonymous_11)
DA:1,2
DA:2,2
DA:14,2
DA:42,2
DA:43,5
DA:45,5
DA:46,5
DA:47,5
DA:48,5
DA:50,0
DA:55,2
DA:56,3
DA:59,2
LF:13
LH:12
BRDA:43,0,0,0
BRDA:43,0,1,5
BRF:2
BRH:1
end_of_record
TN:
SF:src/routes/authRoutes.ts
FNF:0
FNH:0
DA:1,2
DA:2,2
DA:3,2
DA:5,2
DA:39,2
DA:69,2
DA:87,2
DA:89,2
LF:8
LH:8
BRF:0
BRH:0
end_of_record
TN:
SF:src/routes/productRoutes.ts
FNF:0
FNH:0
DA:1,2
DA:2,2
DA:9,2
DA:11,2
DA:46,2
DA:69,2
DA:116,2
DA:160,2
DA:187,2
DA:189,2
LF:10
LH:10
BRF:0
BRH:0
end_of_record
